<?xml version="1.0" encoding="UTF-8"?>
<coverage generated="1670682903752" clover="3.2.0">
  <project timestamp="1670682903752" name="All files">
    <metrics statements="17" coveredstatements="17" conditionals="13" coveredconditionals="13" methods="1" coveredmethods="1" elements="31" coveredelements="31" complexity="0" loc="17" ncloc="17" packages="1" files="1" classes="1"/>
    <file name="main.js" path="C:\Users\ThinkPad\Desktop\Intern\String Calculator\main.js">
      <metrics statements="17" coveredstatements="17" conditionals="13" coveredconditionals="13" methods="1" coveredmethods="1"/>
      <line num="2" count="10" type="cond" truecount="2" falsecount="0"/>
      <line num="3" count="8" type="stmt"/>
      <line num="4" count="8" type="cond" truecount="2" falsecount="0"/>
      <line num="5" count="2" type="stmt"/>
      <line num="7" count="6" type="stmt"/>
      <line num="9" count="6" type="stmt"/>
      <line num="11" count="6" type="stmt"/>
      <line num="12" count="11" type="cond" truecount="2" falsecount="0"/>
      <line num="13" count="1" type="stmt"/>
      <line num="15" count="10" type="cond" truecount="2" falsecount="0"/>
      <line num="17" count="1" type="stmt"/>
      <line num="19" count="10" type="cond" truecount="2" falsecount="0"/>
      <line num="20" count="9" type="stmt"/>
      <line num="23" count="5" type="cond" truecount="2" falsecount="0"/>
      <line num="26" count="1" type="stmt"/>
      <line num="28" count="4" type="stmt"/>
      <line num="31" count="1" type="stmt"/>
    </file>
  </project>
</coverage>
