<?xml version="1.0" encoding="UTF-8"?>
<coverage generated="1670681453179" clover="3.2.0">
  <project timestamp="1670681453179" name="All files">
    <metrics statements="17" coveredstatements="17" conditionals="13" coveredconditionals="12" methods="1" coveredmethods="1" elements="31" coveredelements="30" complexity="0" loc="17" ncloc="17" packages="1" files="1" classes="1"/>
    <file name="main.js" path="C:\Users\ThinkPad\Desktop\Intern\String Calculator\main.js">
      <metrics statements="17" coveredstatements="17" conditionals="13" coveredconditionals="12" methods="1" coveredmethods="1"/>
      <line num="2" count="7" type="cond" truecount="2" falsecount="0"/>
      <line num="3" count="5" type="stmt"/>
      <line num="4" count="5" type="cond" truecount="1" falsecount="1"/>
      <line num="5" count="5" type="cond" truecount="2" falsecount="0"/>
      <line num="6" count="1" type="stmt"/>
      <line num="8" count="4" type="stmt"/>
      <line num="10" count="4" type="stmt"/>
      <line num="12" count="4" type="stmt"/>
      <line num="13" count="7" type="cond" truecount="2" falsecount="0"/>
      <line num="14" count="1" type="stmt"/>
      <line num="16" count="6" type="cond" truecount="2" falsecount="0"/>
      <line num="18" count="1" type="stmt"/>
      <line num="20" count="6" type="stmt"/>
      <line num="23" count="3" type="cond" truecount="2" falsecount="0"/>
      <line num="26" count="1" type="stmt"/>
      <line num="28" count="2" type="stmt"/>
      <line num="31" count="1" type="stmt"/>
    </file>
  </project>
</coverage>
