{"C:\\Users\\ThinkPad\\Desktop\\Intern\\String Calculator\\main.js": {"path":"C:\\Users\\ThinkPad\\Desktop\\Intern\\String Calculator\\main.js","statementMap":{"0":{"start":{"line":2,"column":4},"end":{"line":2,"column":39}},"1":{"start":{"line":2,"column":30},"end":{"line":2,"column":39}},"2":{"start":{"line":3,"column":15},"end":{"line":3,"column":33}},"3":{"start":{"line":4,"column":4},"end":{"line":4,"column":35}},"4":{"start":{"line":4,"column":26},"end":{"line":4,"column":35}},"5":{"start":{"line":5,"column":4},"end":{"line":7,"column":5}},"6":{"start":{"line":6,"column":8},"end":{"line":6,"column":43}},"7":{"start":{"line":8,"column":14},"end":{"line":8,"column":15}},"8":{"start":{"line":10,"column":19},"end":{"line":10,"column":21}},"9":{"start":{"line":12,"column":4},"end":{"line":22,"column":5}},"10":{"start":{"line":13,"column":8},"end":{"line":21,"column":9}},"11":{"start":{"line":14,"column":12},"end":{"line":14,"column":44}},"12":{"start":{"line":16,"column":12},"end":{"line":19,"column":13}},"13":{"start":{"line":18,"column":16},"end":{"line":18,"column":43}},"14":{"start":{"line":20,"column":12},"end":{"line":20,"column":32}},"15":{"start":{"line":23,"column":4},"end":{"line":27,"column":5}},"16":{"start":{"line":26,"column":8},"end":{"line":26,"column":72}},"17":{"start":{"line":28,"column":4},"end":{"line":28,"column":15}},"18":{"start":{"line":31,"column":0},"end":{"line":31,"column":21}}},"fnMap":{"0":{"name":"Add","decl":{"start":{"line":1,"column":9},"end":{"line":1,"column":12}},"loc":{"start":{"line":1,"column":27},"end":{"line":29,"column":1}},"line":1}},"branchMap":{"0":{"loc":{"start":{"line":1,"column":13},"end":{"line":1,"column":25}},"type":"default-arg","locations":[{"start":{"line":1,"column":23},"end":{"line":1,"column":25}}],"line":1},"1":{"loc":{"start":{"line":2,"column":4},"end":{"line":2,"column":39}},"type":"if","locations":[{"start":{"line":2,"column":4},"end":{"line":2,"column":39}},{"start":{},"end":{}}],"line":2},"2":{"loc":{"start":{"line":4,"column":4},"end":{"line":4,"column":35}},"type":"if","locations":[{"start":{"line":4,"column":4},"end":{"line":4,"column":35}},{"start":{},"end":{}}],"line":4},"3":{"loc":{"start":{"line":5,"column":4},"end":{"line":7,"column":5}},"type":"if","locations":[{"start":{"line":5,"column":4},"end":{"line":7,"column":5}},{"start":{},"end":{}}],"line":5},"4":{"loc":{"start":{"line":13,"column":8},"end":{"line":21,"column":9}},"type":"if","locations":[{"start":{"line":13,"column":8},"end":{"line":21,"column":9}},{"start":{"line":15,"column":15},"end":{"line":21,"column":9}}],"line":13},"5":{"loc":{"start":{"line":16,"column":12},"end":{"line":19,"column":13}},"type":"if","locations":[{"start":{"line":16,"column":12},"end":{"line":19,"column":13}},{"start":{},"end":{}}],"line":16},"6":{"loc":{"start":{"line":23,"column":4},"end":{"line":27,"column":5}},"type":"if","locations":[{"start":{"line":23,"column":4},"end":{"line":27,"column":5}},{"start":{},"end":{}}],"line":23}},"s":{"0":7,"1":2,"2":5,"3":5,"4":0,"5":5,"6":1,"7":4,"8":4,"9":4,"10":7,"11":1,"12":6,"13":1,"14":6,"15":3,"16":1,"17":2,"18":1},"f":{"0":7},"b":{"0":[1],"1":[2,5],"2":[0,5],"3":[1,4],"4":[1,6],"5":[1,5],"6":[1,2]},"_coverageSchema":"1a1c01bbd47fc00a2c39e90264f33305004495a9","hash":"efda6fcf48228ab820872a413ae210d7e097553f"}
}
