{"C:\\Users\\ThinkPad\\Desktop\\Intern\\String Calculator\\main.js": {"path":"C:\\Users\\ThinkPad\\Desktop\\Intern\\String Calculator\\main.js","statementMap":{"0":{"start":{"line":2,"column":4},"end":{"line":2,"column":39}},"1":{"start":{"line":2,"column":30},"end":{"line":2,"column":39}},"2":{"start":{"line":3,"column":15},"end":{"line":3,"column":40}},"3":{"start":{"line":4,"column":4},"end":{"line":6,"column":5}},"4":{"start":{"line":5,"column":8},"end":{"line":5,"column":43}},"5":{"start":{"line":7,"column":14},"end":{"line":7,"column":15}},"6":{"start":{"line":9,"column":19},"end":{"line":9,"column":21}},"7":{"start":{"line":11,"column":4},"end":{"line":22,"column":5}},"8":{"start":{"line":12,"column":8},"end":{"line":21,"column":9}},"9":{"start":{"line":13,"column":12},"end":{"line":13,"column":44}},"10":{"start":{"line":15,"column":12},"end":{"line":18,"column":13}},"11":{"start":{"line":17,"column":16},"end":{"line":17,"column":43}},"12":{"start":{"line":19,"column":12},"end":{"line":20,"column":32}},"13":{"start":{"line":20,"column":12},"end":{"line":20,"column":32}},"14":{"start":{"line":23,"column":4},"end":{"line":27,"column":5}},"15":{"start":{"line":26,"column":8},"end":{"line":26,"column":72}},"16":{"start":{"line":28,"column":4},"end":{"line":28,"column":15}},"17":{"start":{"line":31,"column":0},"end":{"line":31,"column":21}}},"fnMap":{"0":{"name":"Add","decl":{"start":{"line":1,"column":9},"end":{"line":1,"column":12}},"loc":{"start":{"line":1,"column":27},"end":{"line":29,"column":1}},"line":1}},"branchMap":{"0":{"loc":{"start":{"line":1,"column":13},"end":{"line":1,"column":25}},"type":"default-arg","locations":[{"start":{"line":1,"column":23},"end":{"line":1,"column":25}}],"line":1},"1":{"loc":{"start":{"line":2,"column":4},"end":{"line":2,"column":39}},"type":"if","locations":[{"start":{"line":2,"column":4},"end":{"line":2,"column":39}},{"start":{},"end":{}}],"line":2},"2":{"loc":{"start":{"line":4,"column":4},"end":{"line":6,"column":5}},"type":"if","locations":[{"start":{"line":4,"column":4},"end":{"line":6,"column":5}},{"start":{},"end":{}}],"line":4},"3":{"loc":{"start":{"line":12,"column":8},"end":{"line":21,"column":9}},"type":"if","locations":[{"start":{"line":12,"column":8},"end":{"line":21,"column":9}},{"start":{"line":14,"column":15},"end":{"line":21,"column":9}}],"line":12},"4":{"loc":{"start":{"line":15,"column":12},"end":{"line":18,"column":13}},"type":"if","locations":[{"start":{"line":15,"column":12},"end":{"line":18,"column":13}},{"start":{},"end":{}}],"line":15},"5":{"loc":{"start":{"line":19,"column":12},"end":{"line":20,"column":32}},"type":"if","locations":[{"start":{"line":19,"column":12},"end":{"line":20,"column":32}},{"start":{},"end":{}}],"line":19},"6":{"loc":{"start":{"line":23,"column":4},"end":{"line":27,"column":5}},"type":"if","locations":[{"start":{"line":23,"column":4},"end":{"line":27,"column":5}},{"start":{},"end":{}}],"line":23}},"s":{"0":10,"1":2,"2":8,"3":8,"4":2,"5":6,"6":6,"7":6,"8":11,"9":1,"10":10,"11":1,"12":10,"13":9,"14":5,"15":1,"16":4,"17":1},"f":{"0":10},"b":{"0":[1],"1":[2,8],"2":[2,6],"3":[1,10],"4":[1,9],"5":[9,1],"6":[1,4]},"_coverageSchema":"1a1c01bbd47fc00a2c39e90264f33305004495a9","hash":"622829a16016e436239b76300923ebed0cc8f0e4"}
}
